<?xml version="1.0" encoding="UTF-8"?>
<!-- Generated by org.testng.reporters.JUnitXMLReporter -->
<testsuite hostname="lt-inblr167" name="Driver Script Suite 3 - SignInFeatureTest" tests="1" failures="0" timestamp="9 Mar 2016 14:16:33 GMT" time="0.114" errors="0">
  <testcase name="@BeforeTest isExecutable" time="0.0" classname="com.automation.NewTours.testcases.SignInFeatureTest">
    <failure type="java.lang.NullPointerException">
      <![CDATA[java.lang.NullPointerException
	at com.automation.NewTours.util.ExcelReader.getRowCount(ExcelReader.java:85)
	at com.automation.NewTours.util.Utility.isExecute(Utility.java:16)
	at com.automation.NewTours.testcases.SignInFeatureTest.isExecutable(SignInFeatureTest.java:35)
... Removed 22 stack frames]]>
    </failure>
  </testcase> <!-- @BeforeTest isExecutable -->
  <testcase name="testLogin" time="0.001" classname="com.automation.NewTours.testcases.SignInFeatureTest">
    <skipped/>
  </testcase> <!-- testLogin -->
</testsuite> <!-- Driver Script Suite 3 - SignInFeatureTest -->
