<?xml version="1.0" encoding="UTF-8"?>
<!-- Generated by org.testng.reporters.JUnitXMLReporter -->
<testsuite hostname="lt-inblr167" name="Driver Script Suite 3" tests="1" failures="0" timestamp="9 Mar 2016 09:04:14 GMT" time="0.003" errors="0">
  <testcase name="@BeforeTest isExecutable" time="0.0" classname="com.automation.NewTours.testcases.SignInFeatureTest">
    <failure type="java.lang.NoClassDefFoundError" message="org/apache/xmlbeans/XmlException">
      <![CDATA[java.lang.NoClassDefFoundError: org/apache/xmlbeans/XmlException
	at com.automation.NewTours.util.ExcelReader.<init>(ExcelReader.java:43)
	at com.automation.NewTours.testcases.SignInFeatureTest.isExecutable(SignInFeatureTest.java:25)
Caused by: java.lang.ClassNotFoundException: org.apache.xmlbeans.XmlException
	at java.net.URLClassLoader$1.run(Unknown Source)
	at java.net.URLClassLoader$1.run(Unknown Source)
	at java.security.AccessController.doPrivileged(Native Method)
	at java.net.URLClassLoader.findClass(Unknown Source)
	at java.lang.ClassLoader.loadClass(Unknown Source)
	at sun.misc.Launcher$AppClassLoader.loadClass(Unknown Source)
	at java.lang.ClassLoader.loadClass(Unknown Source)
	... 24 more
... Removed 22 stack frames]]>
    </failure>
  </testcase> <!-- @BeforeTest isExecutable -->
  <testcase name="testLogin" time="0.001" classname="com.automation.NewTours.testcases.SignInFeatureTest">
    <skipped/>
  </testcase> <!-- testLogin -->
</testsuite> <!-- Driver Script Suite 3 -->
