<?xml version="1.0" encoding="UTF-8"?>
<testng-results skipped="0" failed="0" total="1" passed="1">
  <reporter-output>
  </reporter-output>
  <suite name="New Tours Automation Suite" duration-ms="49403" started-at="2016-03-21T12:07:56Z" finished-at="2016-03-21T12:08:46Z">
    <groups>
    </groups>
    <test name="Driver Script Suite 2 - RegisterLinkTest" duration-ms="49403" started-at="2016-03-21T12:07:56Z" finished-at="2016-03-21T12:08:46Z">
      <class name="com.automation.NewTours.Apps.DriverApp">
        <test-method status="PASS" signature="startTesting()[pri:0, instance:com.automation.NewTours.Apps.DriverApp@7b03075f]" name="startTesting" is-config="true" duration-ms="10555" started-at="2016-03-21T17:37:46Z" finished-at="2016-03-21T17:37:56Z">
          <reporter-output>
          </reporter-output>
        </test-method> <!-- startTesting -->
        <test-method status="PASS" signature="testApp()[pri:0, instance:com.automation.NewTours.Apps.DriverApp@7b03075f]" name="testApp" duration-ms="49391" started-at="2016-03-21T17:37:56Z" finished-at="2016-03-21T17:38:46Z">
          <reporter-output>
          </reporter-output>
        </test-method> <!-- testApp -->
        <test-method status="PASS" signature="endScript()[pri:0, instance:com.automation.NewTours.Apps.DriverApp@7b03075f]" name="endScript" is-config="true" duration-ms="315" started-at="2016-03-21T17:38:46Z" finished-at="2016-03-21T17:38:46Z">
          <reporter-output>
          </reporter-output>
        </test-method> <!-- endScript -->
      </class> <!-- com.automation.NewTours.Apps.DriverApp -->
    </test> <!-- Driver Script Suite 2 - RegisterLinkTest -->
  </suite> <!-- New Tours Automation Suite -->
</testng-results>
